[1m============================= test session starts ==============================[0m
platform linux -- Python 3.9.15, pytest-7.2.0, pluggy-1.0.0
rootdir: /home/ubuntu/sparsh/tsai/emlov2-session-08, configfile: pyproject.toml
plugins: hydra-core-1.2.0
collected 1 item

test_serve/test_torch_serve_grpc.py::TestFargateGradio::test_predict [31mFAILED[0m[31m [100%][0m

=================================== FAILURES ===================================
[31m[1m________________________ TestFargateGradio.test_predict ________________________[0m

self = <test_torch_serve_grpc.TestFargateGradio testMethod=test_predict>

    [94mdef[39;49;00m [92mtest_predict[39;49;00m([96mself[39;49;00m):
        [94mfor[39;49;00m image_path [95min[39;49;00m [96mself[39;49;00m.image_paths:
            [96mprint[39;49;00m([33mf[39;49;00m[33m"[39;49;00m[33mtesting: [39;49;00m[33m{[39;49;00mimage_path[33m}[39;49;00m[33m"[39;49;00m)
    
            response = infer([96mself[39;49;00m.stub, [33m'[39;49;00m[33mcifar[39;49;00m[33m'[39;49;00m, [33m'[39;49;00m[33mtest_serve/image/[39;49;00m[33m'[39;49;00m + image_path)
    
    
            [90m# print(f"response: {response.text}")[39;49;00m
    
            data = json.loads(response)
    
            predicted_label = [96mlist[39;49;00m(data)[[94m0[39;49;00m]
            act_label = image_path.split([33m"[39;49;00m[33m.[39;49;00m[33m"[39;49;00m)[[94m0[39;49;00m].split([33m'[39;49;00m[33m_[39;49;00m[33m'[39;49;00m)[-[94m1[39;49;00m]
    
            [96mprint[39;49;00m([33mf[39;49;00m[33m"[39;49;00m[33mpredicted label: [39;49;00m[33m{[39;49;00mpredicted_label[33m}[39;49;00m[33m, actual label: [39;49;00m[33m{[39;49;00mact_label[33m}[39;49;00m[33m"[39;49;00m)
    
>           [96mself[39;49;00m.assertEqual(act_label, predicted_label)
[1m[31mE           AssertionError: 'ship' != 'automobile'[0m
[1m[31mE           - ship[0m
[1m[31mE           + automobile[0m

[1m[31mtest_serve/test_torch_serve_grpc.py[0m:54: AssertionError
----------------------------- Captured stdout call -----------------------------
testing: 1000_truck.png
predicted label: truck, actual label: truck
done testing: 1000_truck.png

testing: 10011_cat.png
predicted label: cat, actual label: cat
done testing: 10011_cat.png

testing: 10010_airplane.png
predicted label: airplane, actual label: airplane
done testing: 10010_airplane.png

testing: 10008_airplane.png
predicted label: airplane, actual label: airplane
done testing: 10008_airplane.png

testing: 10001_frog.png
predicted label: frog, actual label: frog
done testing: 10001_frog.png

testing: 10003_ship.png
predicted label: automobile, actual label: ship
============================== slowest durations ===============================
0.07s call     test_serve/test_torch_serve_grpc.py::TestFargateGradio::test_predict

(2 durations < 0.005s hidden.  Use -vv to show these durations.)
[36m[1m=========================== short test summary info ============================[0m
[31mFAILED[0m test_serve/test_torch_serve_grpc.py::[1mTestFargateGradio::test_predict[0m - AssertionError: 'ship' != 'automobile'
[31m============================== [31m[1m1 failed[0m[31m in 0.30s[0m[31m ===============================[0m
